<?xml version="1.0" encoding="UTF-8"?>
<!-- Generated by org.testng.reporters.JUnitReportReporter -->
<testsuite hostname="sujit" failures="0" tests="1" name="Auth.AuthDemo" time="2.275" errors="0" timestamp="2024-06-29T11:32:38 IST" skipped="0">
  <testcase classname="Auth.AuthDemo" name="apiKeyTest" time="2.275"/>
  <system-out/>
</testsuite> <!-- Auth.AuthDemo -->
