<?xml version="1.0" encoding="UTF-8"?>
<!-- Generated by org.testng.reporters.JUnitReportReporter -->
<testsuite hostname="sujit" failures="0" tests="2" name="HeadersDemo.HeadersDemo" time="2.256" errors="0" timestamp="2024-06-23T11:42:44 IST" skipped="1">
  <testcase classname="HeadersDemo.HeadersDemo" name="HeaderextractTest2" time="2.256"/>
  <system-out/>
  <testcase classname="HeadersDemo.HeadersDemo" name="headerTest7">
    <skipped/>
  </testcase> <!-- headerTest7 -->
  <system-out/>
</testsuite> <!-- HeadersDemo.HeadersDemo -->
