<?xml version="1.0" encoding="UTF-8"?>
<!-- Generated by org.testng.reporters.JUnitReportReporter -->
<testsuite hostname="sujit" failures="0" tests="4" name="xmlOperation.cal" time="5.294" errors="0" timestamp="2024-07-06T12:20:02 IST" skipped="0">
  <testcase classname="xmlOperation.cal" name="Add" time="3.185"/>
  <system-out/>
  <testcase classname="xmlOperation.cal" name="Sub" time="0.716"/>
  <system-out/>
  <testcase classname="xmlOperation.cal" name="Mul" time="0.746"/>
  <system-out/>
  <testcase classname="xmlOperation.cal" name="Div" time="0.647"/>
  <system-out/>
</testsuite> <!-- xmlOperation.cal -->
