<?xml version="1.0" encoding="UTF-8"?>
<!-- Generated by org.testng.reporters.JUnitReportReporter -->
<testsuite hostname="sujit" failures="0" tests="3" name="day1.reqresAPI" time="4.662" errors="0" timestamp="2024-06-02T16:11:08 IST" skipped="2">
  <testcase classname="day1.reqresAPI" name="createUserPet" time="4.662"/>
  <system-out/>
  <testcase classname="day1.reqresAPI" name="createUser">
    <skipped/>
  </testcase> <!-- createUser -->
  <system-out/>
  <testcase classname="day1.reqresAPI" name="getListOfUser">
    <skipped/>
  </testcase> <!-- getListOfUser -->
  <system-out/>
</testsuite> <!-- day1.reqresAPI -->
