<?xml version="1.0" encoding="UTF-8"?>
<!-- Generated by org.testng.reporters.JUnitReportReporter -->
<testsuite hostname="sujit" failures="0" tests="1" name="day4.RequestDemo" time="4.898" errors="0" timestamp="2024-06-15T10:51:39 IST" skipped="0">
  <testcase classname="day4.RequestDemo" name="createPet" time="4.898"/>
  <system-out/>
</testsuite> <!-- day4.RequestDemo -->
