<?xml version="1.0" encoding="UTF-8"?>
<!-- Generated by org.testng.reporters.JUnitReportReporter -->
<testsuite hostname="sujit" failures="0" tests="4" name="Auth.BTokenDemo" time="6.236" errors="0" timestamp="2024-06-29T11:21:35 IST" skipped="0">
  <testcase classname="Auth.BTokenDemo" name="createUser" time="4.509"/>
  <system-out/>
  <testcase classname="Auth.BTokenDemo" name="updateUser" time="0.711"/>
  <system-out/>
  <testcase classname="Auth.BTokenDemo" name="getUser" time="0.425"/>
  <system-out/>
  <testcase classname="Auth.BTokenDemo" name="DeleteUser" time="0.591"/>
  <system-out/>
</testsuite> <!-- Auth.BTokenDemo -->
