<?xml version="1.0" encoding="UTF-8"?>
<!-- Generated by org.testng.reporters.JUnitReportReporter -->
<testsuite hostname="sujit" failures="0" tests="2" name="HamcrestDemo.hamcrestTest" time="4.119" errors="0" timestamp="2024-07-07T11:42:44 IST" skipped="1">
  <testcase classname="HamcrestDemo.hamcrestTest" name="getUserList" time="4.119"/>
  <system-out/>
  <testcase classname="HamcrestDemo.hamcrestTest" name="getUserExample">
    <skipped/>
  </testcase> <!-- getUserExample -->
  <system-out/>
</testsuite> <!-- HamcrestDemo.hamcrestTest -->
