<?xml version="1.0" encoding="UTF-8"?>
<!-- Generated by org.testng.reporters.JUnitReportReporter -->
<testsuite hostname="sujit" failures="0" tests="1" name="jsonDemo.complexJsonDemo" time="4.539" errors="0" timestamp="2024-07-20T12:43:07 IST" skipped="0">
  <testcase classname="jsonDemo.complexJsonDemo" name="createDonut" time="4.539"/>
  <system-out/>
</testsuite> <!-- jsonDemo.complexJsonDemo -->
