<?xml version="1.0" encoding="UTF-8"?>
<!-- Generated by org.testng.reporters.JUnitReportReporter -->
<testsuite hostname="sujit" failures="0" tests="2" name="day3.responseDemo" time="4.336" errors="0" timestamp="2024-06-08T11:27:55 IST" skipped="0">
  <testcase classname="day3.responseDemo" name="getUserList" time="0.854"/>
  <system-out/>
  <testcase classname="day3.responseDemo" name="createUser" time="3.482"/>
  <system-out/>
</testsuite> <!-- day3.responseDemo -->
