<?xml version="1.0" encoding="UTF-8"?>
<!-- Generated by org.testng.reporters.JUnitReportReporter -->
<testsuite hostname="sujit" failures="0" tests="2" name="Auth.Oauth2" time="4.766" errors="0" timestamp="2024-06-30T11:04:42 IST" skipped="0">
  <testcase classname="Auth.Oauth2" name="getAccessToken" time="3.676"/>
  <system-out/>
  <testcase classname="Auth.Oauth2" name="genrateInvoice" time="1.090"/>
  <system-out/>
</testsuite> <!-- Auth.Oauth2 -->
