<?xml version="1.0" encoding="UTF-8"?>
<!-- Generated by org.testng.reporters.JUnitReportReporter -->
<testsuite hostname="sujit" failures="0" tests="2" name="Auth.studentAuth" time="6.595" errors="0" timestamp="2024-07-07T10:21:48 IST" skipped="0">
  <testcase classname="Auth.studentAuth" name="studentAuth" time="5.104"/>
  <system-out/>
  <testcase classname="Auth.studentAuth" name="getStudentList" time="1.491"/>
  <system-out/>
</testsuite> <!-- Auth.studentAuth -->
